<?xml version="1.0" encoding="UTF-8"?>
<coverage generated="1579709181">
  <project timestamp="1579709181">
    <package name="GollumSF\RestBundle\Annotation">
      <file name="/home/smeagol/Works/SF/GollumSF/RestBundle/src/Annotation/Serialize.php">
        <class name="GollumSF\RestBundle\Annotation\Serialize" namespace="GollumSF\RestBundle\Annotation">
          <metrics complexity="4" methods="1" coveredmethods="1" conditionals="0" coveredconditionals="0" statements="4" coveredstatements="4" elements="5" coveredelements="5"/>
        </class>
        <line num="30" type="method" name="__construct" visibility="public" complexity="4" crap="4" count="13"/>
        <line num="31" type="stmt" count="13"/>
        <line num="32" type="stmt" count="13"/>
        <line num="33" type="stmt" count="13"/>
        <line num="34" type="stmt" count="13"/>
        <metrics loc="35" ncloc="19" classes="1" methods="1" coveredmethods="1" conditionals="0" coveredconditionals="0" statements="4" coveredstatements="4" elements="5" coveredelements="5"/>
      </file>
      <file name="/home/smeagol/Works/SF/GollumSF/RestBundle/src/Annotation/Unserialize.php">
        <class name="GollumSF\RestBundle\Annotation\Unserialize" namespace="GollumSF\RestBundle\Annotation">
          <metrics complexity="5" methods="1" coveredmethods="1" conditionals="0" coveredconditionals="0" statements="4" coveredstatements="4" elements="5" coveredelements="5"/>
        </class>
        <line num="30" type="method" name="__construct" visibility="public" complexity="5" crap="5" count="15"/>
        <line num="31" type="stmt" count="15"/>
        <line num="32" type="stmt" count="15"/>
        <line num="33" type="stmt" count="15"/>
        <line num="34" type="stmt" count="15"/>
        <metrics loc="35" ncloc="19" classes="1" methods="1" coveredmethods="1" conditionals="0" coveredconditionals="0" statements="4" coveredstatements="4" elements="5" coveredelements="5"/>
      </file>
      <file name="/home/smeagol/Works/SF/GollumSF/RestBundle/src/Annotation/Validate.php">
        <class name="GollumSF\RestBundle\Annotation\Validate" namespace="GollumSF\RestBundle\Annotation">
          <metrics complexity="2" methods="1" coveredmethods="1" conditionals="0" coveredconditionals="0" statements="2" coveredstatements="2" elements="3" coveredelements="3"/>
        </class>
        <line num="19" type="method" name="__construct" visibility="public" complexity="2" crap="2" count="9"/>
        <line num="20" type="stmt" count="9"/>
        <line num="21" type="stmt" count="9"/>
        <metrics loc="22" ncloc="12" classes="1" methods="1" coveredmethods="1" conditionals="0" coveredconditionals="0" statements="2" coveredstatements="2" elements="3" coveredelements="3"/>
      </file>
    </package>
    <package name="GollumSF\RestBundle\DependencyInjection">
      <file name="/home/smeagol/Works/SF/GollumSF/RestBundle/src/DependencyInjection/GollumSFRestExtension.php">
        <class name="GollumSF\RestBundle\DependencyInjection\GollumSFRestExtension" namespace="GollumSF\RestBundle\DependencyInjection">
          <metrics complexity="1" methods="1" coveredmethods="1" conditionals="0" coveredconditionals="0" statements="3" coveredstatements="3" elements="4" coveredelements="4"/>
        </class>
        <line num="11" type="method" name="load" visibility="public" complexity="1" crap="1" count="1"/>
        <line num="13" type="stmt" count="1"/>
        <line num="14" type="stmt" count="1"/>
        <line num="15" type="stmt" count="1"/>
        <metrics loc="15" ncloc="15" classes="1" methods="1" coveredmethods="1" conditionals="0" coveredconditionals="0" statements="3" coveredstatements="3" elements="4" coveredelements="4"/>
      </file>
    </package>
    <package name="GollumSF\RestBundle\EventSubscriber">
      <file name="/home/smeagol/Works/SF/GollumSF/RestBundle/src/EventSubscriber/SerializerSubscriber.php">
        <class name="GollumSF\RestBundle\EventSubscriber\SerializerSubscriber" namespace="GollumSF\RestBundle\EventSubscriber">
          <metrics complexity="29" methods="9" coveredmethods="9" conditionals="0" coveredconditionals="0" statements="81" coveredstatements="81" elements="90" coveredelements="90"/>
        </class>
        <line num="42" type="method" name="getSubscribedEvents" visibility="public" complexity="1" crap="1" count="1"/>
        <line num="44" type="stmt" count="1"/>
        <line num="47" type="stmt" count="1"/>
        <line num="50" type="stmt" count="1"/>
        <line num="56" type="method" name="__construct" visibility="public" complexity="1" crap="1" count="32"/>
        <line num="61" type="stmt" count="32"/>
        <line num="62" type="stmt" count="32"/>
        <line num="63" type="stmt" count="32"/>
        <line num="64" type="stmt" count="32"/>
        <line num="66" type="method" name="onKernelControllerArguments" visibility="public" complexity="5" crap="5" count="9"/>
        <line num="68" type="stmt" count="9"/>
        <line num="71" type="stmt" count="9"/>
        <line num="72" type="stmt" count="9"/>
        <line num="74" type="stmt" count="9"/>
        <line num="75" type="stmt" count="9"/>
        <line num="77" type="stmt" count="9"/>
        <line num="78" type="stmt" count="9"/>
        <line num="79" type="stmt" count="1"/>
        <line num="81" type="stmt" count="9"/>
        <line num="83" type="stmt" count="9"/>
        <line num="85" type="stmt" count="9"/>
        <line num="87" type="stmt" count="9"/>
        <line num="88" type="stmt" count="1"/>
        <line num="89" type="stmt" count="1"/>
        <line num="93" type="stmt" count="9"/>
        <line num="95" type="method" name="onKernelView" visibility="public" complexity="3" crap="3" count="8"/>
        <line num="97" type="stmt" count="8"/>
        <line num="100" type="stmt" count="8"/>
        <line num="101" type="stmt" count="8"/>
        <line num="103" type="stmt" count="8"/>
        <line num="104" type="stmt" count="4"/>
        <line num="107" type="stmt" count="8"/>
        <line num="108" type="stmt" count="8"/>
        <line num="110" type="stmt" count="8"/>
        <line num="112" type="stmt" count="7"/>
        <line num="113" type="stmt" count="7"/>
        <line num="115" type="stmt" count="7"/>
        <line num="117" type="stmt" count="7"/>
        <line num="119" type="method" name="onKernelException" visibility="public" complexity="5" crap="5" count="1"/>
        <line num="120" type="stmt" count="1"/>
        <line num="122" type="stmt" count="1"/>
        <line num="123" type="stmt" count="1"/>
        <line num="125" type="stmt" count="1"/>
        <line num="127" type="stmt" count="1"/>
        <line num="128" type="stmt" count="1"/>
        <line num="129" type="stmt" count="1"/>
        <line num="131" type="stmt" count="1"/>
        <line num="132" type="stmt" count="1"/>
        <line num="134" type="stmt" count="1"/>
        <line num="137" type="stmt" count="1"/>
        <line num="140" type="stmt" count="1"/>
        <line num="141" type="stmt" count="1"/>
        <line num="144" type="stmt" count="1"/>
        <line num="146" type="stmt" count="1"/>
        <line num="148" type="method" name="unserialize" visibility="protected" complexity="4" crap="4" count="5"/>
        <line num="150" type="stmt" count="5"/>
        <line num="152" type="stmt" count="5"/>
        <line num="153" type="stmt" count="5"/>
        <line num="156" type="stmt" count="5"/>
        <line num="157" type="stmt" count="1"/>
        <line num="160" type="stmt" count="4"/>
        <line num="162" type="stmt" count="4"/>
        <line num="164" type="stmt" count="3"/>
        <line num="165" type="stmt" count="3"/>
        <line num="168" type="stmt" count="2"/>
        <line num="169" type="stmt" count="2"/>
        <line num="171" type="stmt" count="3"/>
        <line num="173" type="method" name="validate" visibility="protected" complexity="4" crap="4" count="6"/>
        <line num="175" type="stmt" count="6"/>
        <line num="176" type="stmt" count="6"/>
        <line num="178" type="stmt" count="6"/>
        <line num="179" type="stmt" count="6"/>
        <line num="180" type="stmt" count="1"/>
        <line num="183" type="stmt" count="6"/>
        <line num="185" type="stmt" count="6"/>
        <line num="186" type="stmt" count="6"/>
        <line num="187" type="stmt" count="1"/>
        <line num="190" type="stmt" count="5"/>
        <line num="192" type="method" name="isEntity" visibility="protected" complexity="3" crap="3" count="3"/>
        <line num="193" type="stmt" count="3"/>
        <line num="194" type="stmt" count="3"/>
        <line num="196" type="stmt" count="3"/>
        <line num="199" type="method" name="serialize" visibility="protected" complexity="3" crap="3" count="8"/>
        <line num="202" type="stmt" count="8"/>
        <line num="205" type="stmt" count="8"/>
        <line num="206" type="stmt" count="1"/>
        <line num="209" type="stmt" count="7"/>
        <line num="211" type="stmt" count="7"/>
        <line num="212" type="stmt" count="1"/>
        <line num="215" type="stmt" count="7"/>
        <metrics loc="217" ncloc="205" classes="1" methods="9" coveredmethods="9" conditionals="0" coveredconditionals="0" statements="81" coveredstatements="81" elements="90" coveredelements="90"/>
      </file>
    </package>
    <package name="GollumSF\RestBundle\Exceptions">
      <file name="/home/smeagol/Works/SF/GollumSF/RestBundle/src/Exceptions/UnserializeValidateException.php">
        <class name="GollumSF\RestBundle\Exceptions\UnserializeValidateException" namespace="GollumSF\RestBundle\Exceptions">
          <metrics complexity="2" methods="2" coveredmethods="2" conditionals="0" coveredconditionals="0" statements="4" coveredstatements="4" elements="6" coveredelements="6"/>
        </class>
        <line num="13" type="method" name="__construct" visibility="public" complexity="1" crap="1" count="2"/>
        <line num="14" type="stmt" count="2"/>
        <line num="15" type="stmt" count="2"/>
        <line num="16" type="stmt" count="2"/>
        <line num="18" type="method" name="getConstraints" visibility="public" complexity="1" crap="1" count="1"/>
        <line num="19" type="stmt" count="1"/>
        <metrics loc="21" ncloc="18" classes="1" methods="2" coveredmethods="2" conditionals="0" coveredconditionals="0" statements="4" coveredstatements="4" elements="6" coveredelements="6"/>
      </file>
    </package>
    <package name="GollumSF\RestBundle">
      <file name="/home/smeagol/Works/SF/GollumSF/RestBundle/src/GollumSFRestBundle.php">
        <class name="GollumSF\RestBundle\GollumSFRestBundle" namespace="GollumSF\RestBundle">
          <metrics complexity="0" methods="0" coveredmethods="0" conditionals="0" coveredconditionals="0" statements="0" coveredstatements="0" elements="0" coveredelements="0"/>
        </class>
        <metrics loc="13" ncloc="8" classes="0" methods="0" coveredmethods="0" conditionals="0" coveredconditionals="0" statements="0" coveredstatements="0" elements="0" coveredelements="0"/>
      </file>
    </package>
    <package name="GollumSF\RestBundle\Reflection">
      <file name="/home/smeagol/Works/SF/GollumSF/RestBundle/src/Reflection/ControllerAction.php">
        <class name="GollumSF\RestBundle\Reflection\ControllerAction" namespace="GollumSF\RestBundle\Reflection">
          <metrics complexity="3" methods="3" coveredmethods="3" conditionals="0" coveredconditionals="0" statements="5" coveredstatements="5" elements="8" coveredelements="8"/>
        </class>
        <line num="13" type="method" name="__construct" visibility="public" complexity="1" crap="1" count="7"/>
        <line num="17" type="stmt" count="7"/>
        <line num="18" type="stmt" count="7"/>
        <line num="19" type="stmt" count="7"/>
        <line num="21" type="method" name="getControllerClass" visibility="public" complexity="1" crap="1" count="7"/>
        <line num="22" type="stmt" count="7"/>
        <line num="25" type="method" name="getAction" visibility="public" complexity="1" crap="1" count="7"/>
        <line num="26" type="stmt" count="7"/>
        <metrics loc="27" ncloc="25" classes="1" methods="3" coveredmethods="3" conditionals="0" coveredconditionals="0" statements="5" coveredstatements="5" elements="8" coveredelements="8"/>
      </file>
      <file name="/home/smeagol/Works/SF/GollumSF/RestBundle/src/Reflection/ControllerActionExtractor.php">
        <class name="GollumSF\RestBundle\Reflection\ControllerActionExtractor" namespace="GollumSF\RestBundle\Reflection">
          <metrics complexity="12" methods="2" coveredmethods="2" conditionals="0" coveredconditionals="0" statements="21" coveredstatements="21" elements="23" coveredelements="23"/>
        </class>
        <line num="12" type="method" name="__construct" visibility="public" complexity="1" crap="1" count="7"/>
        <line num="15" type="stmt" count="7"/>
        <line num="16" type="stmt" count="7"/>
        <line num="18" type="method" name="extractFromString" visibility="public" complexity="11" crap="11" count="7"/>
        <line num="20" type="stmt" count="7"/>
        <line num="21" type="stmt" count="1"/>
        <line num="23" type="stmt" count="6"/>
        <line num="24" type="stmt" count="2"/>
        <line num="25" type="stmt" count="1"/>
        <line num="27" type="stmt" count="1"/>
        <line num="31" type="stmt" count="6"/>
        <line num="32" type="stmt" count="5"/>
        <line num="33" type="stmt" count="1"/>
        <line num="36" type="stmt" count="5"/>
        <line num="37" type="stmt" count="5"/>
        <line num="38" type="stmt" count="1"/>
        <line num="40" type="stmt" count="5"/>
        <line num="41" type="stmt" count="1"/>
        <line num="43" type="stmt" count="5"/>
        <line num="44" type="stmt" count="5"/>
        <line num="45" type="stmt" count="5"/>
        <line num="46" type="stmt" count="5"/>
        <line num="52" type="stmt" count="1"/>
        <metrics loc="53" ncloc="52" classes="1" methods="2" coveredmethods="2" conditionals="0" coveredconditionals="0" statements="21" coveredstatements="21" elements="23" coveredelements="23"/>
      </file>
    </package>
    <file name="/home/smeagol/Works/SF/GollumSF/RestBundle/src/Reflection/ControllerActionExtractorInterface.php">
      <metrics loc="7" ncloc="7" classes="0" methods="0" coveredmethods="0" conditionals="0" coveredconditionals="0" statements="0" coveredstatements="0" elements="0" coveredelements="0"/>
    </file>
    <package name="GollumSF\RestBundle\Request\ParamConverter">
      <file name="/home/smeagol/Works/SF/GollumSF/RestBundle/src/Request/ParamConverter/PostRestParamConverter.php">
        <class name="GollumSF\RestBundle\Request\ParamConverter\PostRestParamConverter" namespace="GollumSF\RestBundle\Request\ParamConverter">
          <metrics complexity="6" methods="2" coveredmethods="2" conditionals="0" coveredconditionals="0" statements="10" coveredstatements="10" elements="12" coveredelements="12"/>
        </class>
        <line num="14" type="method" name="apply" visibility="public" complexity="5" crap="5" count="4"/>
        <line num="16" type="stmt" count="4"/>
        <line num="18" type="stmt" count="4"/>
        <line num="19" type="stmt" count="4"/>
        <line num="20" type="stmt" count="4"/>
        <line num="21" type="stmt" count="4"/>
        <line num="23" type="stmt" count="1"/>
        <line num="24" type="stmt" count="1"/>
        <line num="25" type="stmt" count="1"/>
        <line num="27" type="stmt" count="3"/>
        <line num="30" type="method" name="supports" visibility="public" complexity="1" crap="1" count="1"/>
        <line num="31" type="stmt" count="1"/>
        <metrics loc="33" ncloc="32" classes="1" methods="2" coveredmethods="2" conditionals="0" coveredconditionals="0" statements="10" coveredstatements="10" elements="12" coveredelements="12"/>
      </file>
    </package>
    <package name="GollumSF\RestBundle\Serializer\Normalizer">
      <file name="/home/smeagol/Works/SF/GollumSF/RestBundle/src/Serializer/Normalizer/DoctrineIdDenormalizer.php">
        <class name="GollumSF\RestBundle\Serializer\Normalizer\DoctrineIdDenormalizer" namespace="GollumSF\RestBundle\Serializer\Normalizer">
          <metrics complexity="6" methods="3" coveredmethods="3" conditionals="0" coveredconditionals="0" statements="6" coveredstatements="6" elements="9" coveredelements="9"/>
        </class>
        <line num="19" type="method" name="__construct" visibility="public" complexity="1" crap="1" count="8"/>
        <line num="20" type="stmt" count="8"/>
        <line num="21" type="stmt" count="8"/>
        <line num="23" type="method" name="denormalize" visibility="public" complexity="1" crap="1" count="1"/>
        <line num="24" type="stmt" count="1"/>
        <line num="27" type="method" name="supportsDenormalization" visibility="public" complexity="4" crap="4" count="7"/>
        <line num="28" type="stmt" count="7"/>
        <line num="29" type="stmt" count="7"/>
        <line num="31" type="stmt" count="7"/>
        <metrics loc="32" ncloc="26" classes="1" methods="3" coveredmethods="3" conditionals="0" coveredconditionals="0" statements="6" coveredstatements="6" elements="9" coveredelements="9"/>
      </file>
      <file name="/home/smeagol/Works/SF/GollumSF/RestBundle/src/Serializer/Normalizer/DoctrineObjectDenormalizer.php">
        <class name="GollumSF\RestBundle\Serializer\Normalizer\DoctrineObjectDenormalizer" namespace="GollumSF\RestBundle\Serializer\Normalizer">
          <metrics complexity="13" methods="3" coveredmethods="3" conditionals="0" coveredconditionals="0" statements="23" coveredstatements="23" elements="26" coveredelements="26"/>
        </class>
        <line num="21" type="method" name="__construct" visibility="public" complexity="1" crap="1" count="12"/>
        <line num="25" type="stmt" count="12"/>
        <line num="26" type="stmt" count="12"/>
        <line num="27" type="stmt" count="12"/>
        <line num="29" type="method" name="denormalize" visibility="public" complexity="8" crap="8" count="5"/>
        <line num="31" type="stmt" count="5"/>
        <line num="32" type="stmt" count="1"/>
        <line num="35" type="stmt" count="4"/>
        <line num="36" type="stmt" count="1"/>
        <line num="39" type="stmt" count="3"/>
        <line num="40" type="stmt" count="1"/>
        <line num="41" type="stmt" count="1"/>
        <line num="44" type="stmt" count="2"/>
        <line num="45" type="stmt" count="2"/>
        <line num="46" type="stmt" count="1"/>
        <line num="49" type="stmt" count="1"/>
        <line num="50" type="stmt" count="1"/>
        <line num="51" type="stmt" count="1"/>
        <line num="54" type="stmt" count="1"/>
        <line num="55" type="stmt" count="1"/>
        <line num="56" type="stmt" count="1"/>
        <line num="59" type="stmt" count="1"/>
        <line num="62" type="method" name="supportsDenormalization" visibility="public" complexity="4" crap="4" count="7"/>
        <line num="63" type="stmt" count="7"/>
        <line num="64" type="stmt" count="7"/>
        <line num="66" type="stmt" count="7"/>
        <metrics loc="67" ncloc="64" classes="1" methods="3" coveredmethods="3" conditionals="0" coveredconditionals="0" statements="23" coveredstatements="23" elements="26" coveredelements="26"/>
      </file>
      <file name="/home/smeagol/Works/SF/GollumSF/RestBundle/src/Serializer/Normalizer/RecursiveObjectNormalizer.php">
        <class name="GollumSF\RestBundle\Serializer\Normalizer\RecursiveObjectNormalizer" namespace="GollumSF\RestBundle\Serializer\Normalizer">
          <metrics complexity="1" methods="1" coveredmethods="1" conditionals="0" coveredconditionals="0" statements="6" coveredstatements="6" elements="7" coveredelements="7"/>
        </class>
        <line num="12" type="method" name="__construct" visibility="public" complexity="1" crap="1" count="1"/>
        <line num="18" type="stmt" count="1"/>
        <line num="19" type="stmt" count="1"/>
        <line num="20" type="stmt" count="1"/>
        <line num="21" type="stmt" count="1"/>
        <line num="22" type="stmt" count="1"/>
        <line num="24" type="stmt" count="1"/>
        <metrics loc="24" ncloc="24" classes="1" methods="1" coveredmethods="1" conditionals="0" coveredconditionals="0" statements="6" coveredstatements="6" elements="7" coveredelements="7"/>
      </file>
    </package>
    <file name="/home/smeagol/Works/SF/GollumSF/RestBundle/src/Serializer/Transform/SerializerTransformInterface.php">
      <metrics loc="13" ncloc="8" classes="0" methods="0" coveredmethods="0" conditionals="0" coveredconditionals="0" statements="0" coveredstatements="0" elements="0" coveredelements="0"/>
    </file>
    <file name="/home/smeagol/Works/SF/GollumSF/RestBundle/src/Serializer/Transform/UnserializerTransformInterface.php">
      <metrics loc="12" ncloc="8" classes="0" methods="0" coveredmethods="0" conditionals="0" coveredconditionals="0" statements="0" coveredstatements="0" elements="0" coveredelements="0"/>
    </file>
    <package name="GollumSF\RestBundle\Traits">
      <file name="/home/smeagol/Works/SF/GollumSF/RestBundle/src/Traits/AnnotationControllerReader.php">
        <class name="AnnotationControllerReader" namespace="GollumSF\RestBundle\Traits">
          <metrics complexity="4" methods="3" coveredmethods="3" conditionals="0" coveredconditionals="0" statements="10" coveredstatements="10" elements="13" coveredelements="13"/>
        </class>
        <line num="17" type="method" name="setControllerActionExtractor" visibility="public" complexity="1" crap="1" count="2"/>
        <line num="18" type="stmt" count="2"/>
        <line num="19" type="stmt" count="2"/>
        <line num="22" type="method" name="setReader" visibility="public" complexity="1" crap="1" count="1"/>
        <line num="23" type="stmt" count="1"/>
        <line num="24" type="stmt" count="1"/>
        <line num="26" type="method" name="getAnnotation" visibility="protected" complexity="2" crap="2" count="2"/>
        <line num="28" type="stmt" count="2"/>
        <line num="29" type="stmt" count="2"/>
        <line num="32" type="stmt" count="2"/>
        <line num="33" type="stmt" count="1"/>
        <line num="34" type="stmt" count="1"/>
        <line num="36" type="stmt" count="1"/>
        <metrics loc="37" ncloc="33" classes="1" methods="3" coveredmethods="3" conditionals="0" coveredconditionals="0" statements="10" coveredstatements="10" elements="13" coveredelements="13"/>
      </file>
    </package>
    <metrics files="17" loc="663" ncloc="575" classes="13" methods="32" coveredmethods="32" conditionals="0" coveredconditionals="0" statements="179" coveredstatements="179" elements="211" coveredelements="211"/>
  </project>
</coverage>
